2022-09-27 16:22:08,307:INFO:PyCaret Supervised Module
2022-09-27 16:22:08,309:INFO:ML Usecase: classification
2022-09-27 16:22:08,310:INFO:version 2.3.10
2022-09-27 16:22:08,310:INFO:Initializing setup()
2022-09-27 16:22:08,310:INFO:setup(target=default, ml_usecase=classification, available_plots={'parameter': 'Hyperparameters', 'auc': 'AUC', 'confusion_matrix': 'Confusion Matrix', 'threshold': 'Threshold', 'pr': 'Precision Recall', 'error': 'Prediction Error', 'class_report': 'Class Report', 'rfe': 'Feature Selection', 'learning': 'Learning Curve', 'manifold': 'Manifold Learning', 'calibration': 'Calibration Curve', 'vc': 'Validation Curve', 'dimension': 'Dimensions', 'feature': 'Feature Importance', 'feature_all': 'Feature Importance (All)', 'boundary': 'Decision Boundary', 'lift': 'Lift Chart', 'gain': 'Gain Chart', 'tree': 'Decision Tree', 'ks': 'KS Statistic Plot'}, train_size=0.7, test_data=None, preprocess=True, imputation_type=simple, iterative_imputation_iters=5, categorical_features=None, categorical_imputation=constant, categorical_iterative_imputer=lightgbm, ordinal_features=None, high_cardinality_features=None, high_cardinality_method=frequency, numeric_features=None, numeric_imputation=mean, numeric_iterative_imputer=lightgbm, date_features=None, ignore_features=None, normalize=False, normalize_method=zscore, transformation=False, transformation_method=yeo-johnson, handle_unknown_categorical=True, unknown_categorical_method=least_frequent, pca=False, pca_method=linear, pca_components=None, ignore_low_variance=False, combine_rare_levels=False, rare_level_threshold=0.1, bin_numeric_features=None, remove_outliers=False, outliers_threshold=0.05, remove_multicollinearity=False, multicollinearity_threshold=0.9, remove_perfect_collinearity=True, create_clusters=False, cluster_iter=20, polynomial_features=False, polynomial_degree=2, trigonometry_features=False, polynomial_threshold=0.1, group_features=None, group_names=None, feature_selection=False, feature_selection_threshold=0.8, feature_selection_method=classic, feature_interaction=False, feature_ratio=False, interaction_threshold=0.01, fix_imbalance=False, fix_imbalance_method=None, transform_target=False, transform_target_method=box-cox, data_split_shuffle=True, data_split_stratify=False, fold_strategy=stratifiedkfold, fold=10, fold_shuffle=False, fold_groups=None, n_jobs=-1, use_gpu=False, custom_pipeline=None, html=True, session_id=123, log_experiment=False, experiment_name=None, experiment_custom_tags=None, log_plots=False, log_profile=False, log_data=False, silent=False, verbose=True, profile=False, profile_kwargs=None, display=None)
2022-09-27 16:22:08,310:INFO:Checking environment
2022-09-27 16:22:08,310:INFO:python_version: 3.7.10
2022-09-27 16:22:08,310:INFO:python_build: ('default', 'Sep 23 2022 15:47:01')
2022-09-27 16:22:08,310:INFO:machine: x86_64
2022-09-27 16:22:08,311:INFO:platform: Linux-5.15.57.1-microsoft-standard-WSL2-x86_64-with-debian-bullseye-sid
2022-09-27 16:22:08,312:INFO:Memory: svmem(total=3995226112, available=2094764032, percent=47.6, used=1607766016, free=466423808, active=652521472, inactive=2308550656, buffers=179609600, cached=1741426688, shared=5554176, slab=238870528)
2022-09-27 16:22:08,317:INFO:Physical Core: 4
2022-09-27 16:22:08,318:INFO:Logical Core: 8
2022-09-27 16:22:08,318:INFO:Checking libraries
2022-09-27 16:22:08,318:INFO:pd==1.3.5
2022-09-27 16:22:08,318:INFO:numpy==1.21.6
2022-09-27 16:22:08,318:INFO:sklearn==0.23.2
2022-09-27 16:22:08,318:INFO:lightgbm==3.3.2
2022-09-27 16:22:08,319:WARNING:catboost not found
2022-09-27 16:22:08,319:WARNING:xgboost not found
2022-09-27 16:22:08,319:INFO:mlflow==1.29.0
2022-09-27 16:22:08,319:INFO:Checking Exceptions
2022-09-27 16:22:37,240:INFO:PyCaret Supervised Module
2022-09-27 16:22:37,240:INFO:ML Usecase: classification
2022-09-27 16:22:37,240:INFO:version 2.3.10
2022-09-27 16:22:37,240:INFO:Initializing setup()
2022-09-27 16:22:37,241:INFO:setup(target=output, ml_usecase=classification, available_plots={'parameter': 'Hyperparameters', 'auc': 'AUC', 'confusion_matrix': 'Confusion Matrix', 'threshold': 'Threshold', 'pr': 'Precision Recall', 'error': 'Prediction Error', 'class_report': 'Class Report', 'rfe': 'Feature Selection', 'learning': 'Learning Curve', 'manifold': 'Manifold Learning', 'calibration': 'Calibration Curve', 'vc': 'Validation Curve', 'dimension': 'Dimensions', 'feature': 'Feature Importance', 'feature_all': 'Feature Importance (All)', 'boundary': 'Decision Boundary', 'lift': 'Lift Chart', 'gain': 'Gain Chart', 'tree': 'Decision Tree', 'ks': 'KS Statistic Plot'}, train_size=0.7, test_data=None, preprocess=True, imputation_type=simple, iterative_imputation_iters=5, categorical_features=None, categorical_imputation=constant, categorical_iterative_imputer=lightgbm, ordinal_features=None, high_cardinality_features=None, high_cardinality_method=frequency, numeric_features=None, numeric_imputation=mean, numeric_iterative_imputer=lightgbm, date_features=None, ignore_features=None, normalize=False, normalize_method=zscore, transformation=False, transformation_method=yeo-johnson, handle_unknown_categorical=True, unknown_categorical_method=least_frequent, pca=False, pca_method=linear, pca_components=None, ignore_low_variance=False, combine_rare_levels=False, rare_level_threshold=0.1, bin_numeric_features=None, remove_outliers=False, outliers_threshold=0.05, remove_multicollinearity=False, multicollinearity_threshold=0.9, remove_perfect_collinearity=True, create_clusters=False, cluster_iter=20, polynomial_features=False, polynomial_degree=2, trigonometry_features=False, polynomial_threshold=0.1, group_features=None, group_names=None, feature_selection=False, feature_selection_threshold=0.8, feature_selection_method=classic, feature_interaction=False, feature_ratio=False, interaction_threshold=0.01, fix_imbalance=False, fix_imbalance_method=None, transform_target=False, transform_target_method=box-cox, data_split_shuffle=True, data_split_stratify=False, fold_strategy=stratifiedkfold, fold=10, fold_shuffle=False, fold_groups=None, n_jobs=-1, use_gpu=False, custom_pipeline=None, html=True, session_id=123, log_experiment=False, experiment_name=None, experiment_custom_tags=None, log_plots=False, log_profile=False, log_data=False, silent=False, verbose=True, profile=False, profile_kwargs=None, display=None)
2022-09-27 16:22:37,241:INFO:Checking environment
2022-09-27 16:22:37,241:INFO:python_version: 3.7.10
2022-09-27 16:22:37,241:INFO:python_build: ('default', 'Sep 23 2022 15:47:01')
2022-09-27 16:22:37,241:INFO:machine: x86_64
2022-09-27 16:22:37,242:INFO:platform: Linux-5.15.57.1-microsoft-standard-WSL2-x86_64-with-debian-bullseye-sid
2022-09-27 16:22:37,245:INFO:Memory: svmem(total=3995226112, available=2091782144, percent=47.6, used=1610743808, free=462729216, active=652804096, inactive=2309066752, buffers=179666944, cached=1742086144, shared=5554176, slab=238870528)
2022-09-27 16:22:37,247:INFO:Physical Core: 4
2022-09-27 16:22:37,248:INFO:Logical Core: 8
2022-09-27 16:22:37,248:INFO:Checking libraries
2022-09-27 16:22:37,248:INFO:pd==1.3.5
2022-09-27 16:22:37,248:INFO:numpy==1.21.6
2022-09-27 16:22:37,248:INFO:sklearn==0.23.2
2022-09-27 16:22:37,248:INFO:lightgbm==3.3.2
2022-09-27 16:22:37,250:WARNING:catboost not found
2022-09-27 16:22:37,250:WARNING:xgboost not found
2022-09-27 16:22:37,250:INFO:mlflow==1.29.0
2022-09-27 16:22:37,250:INFO:Checking Exceptions
2022-09-27 16:22:37,251:INFO:Declaring global variables
2022-09-27 16:22:37,251:INFO:USI: e390
2022-09-27 16:22:37,251:INFO:pycaret_globals: {'X_test', 'logging_param', 'iterative_imputation_iters_param', 'y_test', 'imputation_classifier', 'y_train', 'transform_target_method_param', 'exp_name_log', 'html_param', 'gpu_param', 'fold_param', 'n_jobs_param', '_gpu_n_jobs_param', 'dashboard_logger', 'pycaret_globals', 'fold_generator', 'seed', 'prep_pipe', '_all_models', 'master_model_container', 'target_param', 'imputation_regressor', 'fold_groups_param_full', 'data_before_preprocess', 'experiment__', '_available_plots', 'USI', '_internal_pipeline', 'log_plots_param', 'fold_shuffle_param', 'fix_imbalance_param', 'fix_imbalance_method_param', 'fold_groups_param', '_ml_usecase', 'transform_target_param', 'create_model_container', 'y', '_all_models_internal', 'X_train', 'stratify_param', 'X', '_all_metrics', 'display_container'}
2022-09-27 16:22:37,251:INFO:Preparing display monitor
2022-09-27 16:22:37,251:INFO:Preparing display monitor
2022-09-27 16:22:37,328:INFO:Importing libraries
2022-09-27 16:22:37,329:INFO:Copying data for preprocessing
2022-09-27 16:22:37,354:INFO:Declaring preprocessing parameters
2022-09-27 16:22:37,361:INFO:Creating preprocessing pipeline
2022-09-27 16:22:37,387:INFO:Preprocessing pipeline created successfully
2022-09-27 16:22:37,387:ERROR:(Process Exit): setup has been interupted with user command 'quit'. setup must rerun.
2022-09-27 16:22:37,388:INFO:Creating global containers
2022-09-27 16:22:37,391:INFO:Internal pipeline: Pipeline(memory=None, steps=[('empty_step', 'passthrough')], verbose=False)
2022-09-27 16:23:25,051:WARNING:Couldn't import xgboost.XGBClassifier
2022-09-27 16:23:25,052:WARNING:Couldn't import catboost.CatBoostClassifier
2022-09-27 16:23:25,147:WARNING:Couldn't import xgboost.XGBClassifier
2022-09-27 16:23:25,148:WARNING:Couldn't import catboost.CatBoostClassifier
2022-09-27 16:23:25,148:INFO:Creating grid variables
2022-09-27 16:23:25,180:INFO:create_model_container: 0
2022-09-27 16:23:25,180:INFO:master_model_container: 0
2022-09-27 16:23:25,181:INFO:display_container: 1
2022-09-27 16:23:25,192:INFO:Pipeline(memory=None,
         steps=[('dtypes',
                 DataTypes_Auto_infer(categorical_features=[],
                                      display_types=True, features_todrop=[],
                                      id_columns=[],
                                      ml_usecase='classification',
                                      numerical_features=[], target='output',
                                      time_features=[])),
                ('imputer',
                 Simple_Imputer(categorical_strategy='not_available',
                                fill_value_categorical=None,
                                fill_value_numerical=None,
                                numeric_strat...
                ('scaling', 'passthrough'), ('P_transform', 'passthrough'),
                ('binn', 'passthrough'), ('rem_outliers', 'passthrough'),
                ('cluster_all', 'passthrough'),
                ('dummy', Dummify(target='output')),
                ('fix_perfect', Remove_100(target='output')),
                ('clean_names', Clean_Colum_Names()),
                ('feature_select', 'passthrough'), ('fix_multi', 'passthrough'),
                ('dfs', 'passthrough'), ('pca', 'passthrough')],
         verbose=False)
2022-09-27 16:23:25,193:INFO:setup() succesfully completed......................................
2022-09-27 16:25:00,378:INFO:Initializing compare_models()
2022-09-27 16:25:00,378:INFO:compare_models(include=None, fold=None, round=4, cross_validation=True, sort=Accuracy, n_select=1, budget_time=None, turbo=True, errors=ignore, fit_kwargs=None, groups=None, experiment_custom_tags=None, probability_threshold=None, verbose=True, display=None, exclude=None)
2022-09-27 16:25:00,378:INFO:Checking exceptions
2022-09-27 16:25:00,381:INFO:Preparing display monitor
2022-09-27 16:25:00,381:INFO:Preparing display monitor
2022-09-27 16:25:00,445:INFO:Initializing Logistic Regression
2022-09-27 16:25:00,445:INFO:Total runtime is 4.78823979695638e-06 minutes
2022-09-27 16:25:00,474:INFO:SubProcess create_model() called ==================================
2022-09-27 16:25:00,475:INFO:Initializing create_model()
2022-09-27 16:25:00,475:INFO:create_model(estimator=lr, fold=StratifiedKFold(n_splits=10, random_state=None, shuffle=False), round=4, cross_validation=True, predict=True, fit_kwargs={}, groups=None, refit=False, verbose=False, system=False, metrics=None, experiment_custom_tags=None, add_to_model_list=True, probability_threshold=None, display=<pycaret.internal.Display.Display object at 0x7fca580b15d0>, return_train_score=False, kwargs={})
2022-09-27 16:25:00,475:INFO:Checking exceptions
2022-09-27 16:25:00,475:INFO:Importing libraries
2022-09-27 16:25:00,475:INFO:Copying training dataset
2022-09-27 16:25:00,477:INFO:Defining folds
2022-09-27 16:25:00,477:INFO:Declaring metric variables
2022-09-27 16:25:00,502:INFO:Importing untrained model
2022-09-27 16:25:00,526:INFO:Logistic Regression Imported succesfully
2022-09-27 16:25:00,566:INFO:Starting cross validation
2022-09-27 16:25:00,568:INFO:Cross validating with StratifiedKFold(n_splits=10, random_state=None, shuffle=False), n_jobs=-1
2022-09-27 16:25:10,576:INFO:Calculating mean and std
2022-09-27 16:25:10,579:INFO:Creating metrics dataframe
2022-09-27 16:25:10,594:INFO:Uploading results into container
2022-09-27 16:25:10,594:INFO:Uploading model into container now
2022-09-27 16:25:10,595:INFO:create_model_container: 1
2022-09-27 16:25:10,595:INFO:master_model_container: 1
2022-09-27 16:25:10,595:INFO:display_container: 2
2022-09-27 16:25:10,596:INFO:LogisticRegression(C=1.0, class_weight=None, dual=False, fit_intercept=True,
                   intercept_scaling=1, l1_ratio=None, max_iter=1000,
                   multi_class='auto', n_jobs=None, penalty='l2',
                   random_state=123, solver='lbfgs', tol=0.0001, verbose=0,
                   warm_start=False)
2022-09-27 16:25:10,596:INFO:create_model() succesfully completed......................................
2022-09-27 16:25:10,723:INFO:SubProcess create_model() end ==================================
2022-09-27 16:25:10,724:INFO:Creating metrics dataframe
2022-09-27 16:25:10,765:INFO:Initializing K Neighbors Classifier
2022-09-27 16:25:10,765:INFO:Total runtime is 0.1720036268234253 minutes
2022-09-27 16:25:10,799:INFO:SubProcess create_model() called ==================================
2022-09-27 16:25:10,800:INFO:Initializing create_model()
2022-09-27 16:25:10,801:INFO:create_model(estimator=knn, fold=StratifiedKFold(n_splits=10, random_state=None, shuffle=False), round=4, cross_validation=True, predict=True, fit_kwargs={}, groups=None, refit=False, verbose=False, system=False, metrics=None, experiment_custom_tags=None, add_to_model_list=True, probability_threshold=None, display=<pycaret.internal.Display.Display object at 0x7fca580b15d0>, return_train_score=False, kwargs={})
2022-09-27 16:25:10,801:INFO:Checking exceptions
2022-09-27 16:25:10,801:INFO:Importing libraries
2022-09-27 16:25:10,801:INFO:Copying training dataset
2022-09-27 16:25:10,804:INFO:Defining folds
2022-09-27 16:25:10,804:INFO:Declaring metric variables
2022-09-27 16:25:10,838:INFO:Importing untrained model
2022-09-27 16:25:10,862:INFO:K Neighbors Classifier Imported succesfully
2022-09-27 16:25:10,906:INFO:Starting cross validation
2022-09-27 16:25:10,907:INFO:Cross validating with StratifiedKFold(n_splits=10, random_state=None, shuffle=False), n_jobs=-1
2022-09-27 16:25:11,599:INFO:Calculating mean and std
2022-09-27 16:25:11,604:INFO:Creating metrics dataframe
2022-09-27 16:25:11,626:INFO:Uploading results into container
2022-09-27 16:25:11,626:INFO:Uploading model into container now
2022-09-27 16:25:11,627:INFO:create_model_container: 2
2022-09-27 16:25:11,627:INFO:master_model_container: 2
2022-09-27 16:25:11,627:INFO:display_container: 2
2022-09-27 16:25:11,628:INFO:KNeighborsClassifier(algorithm='auto', leaf_size=30, metric='minkowski',
                     metric_params=None, n_jobs=-1, n_neighbors=5, p=2,
                     weights='uniform')
2022-09-27 16:25:11,629:INFO:create_model() succesfully completed......................................
2022-09-27 16:25:11,759:INFO:SubProcess create_model() end ==================================
2022-09-27 16:25:11,759:INFO:Creating metrics dataframe
2022-09-27 16:25:11,798:INFO:Initializing Naive Bayes
2022-09-27 16:25:11,798:INFO:Total runtime is 0.1892138679822286 minutes
2022-09-27 16:25:11,816:INFO:SubProcess create_model() called ==================================
2022-09-27 16:25:11,817:INFO:Initializing create_model()
2022-09-27 16:25:11,817:INFO:create_model(estimator=nb, fold=StratifiedKFold(n_splits=10, random_state=None, shuffle=False), round=4, cross_validation=True, predict=True, fit_kwargs={}, groups=None, refit=False, verbose=False, system=False, metrics=None, experiment_custom_tags=None, add_to_model_list=True, probability_threshold=None, display=<pycaret.internal.Display.Display object at 0x7fca580b15d0>, return_train_score=False, kwargs={})
2022-09-27 16:25:11,818:INFO:Checking exceptions
2022-09-27 16:25:11,818:INFO:Importing libraries
2022-09-27 16:25:11,818:INFO:Copying training dataset
2022-09-27 16:25:11,819:INFO:Defining folds
2022-09-27 16:25:11,819:INFO:Declaring metric variables
2022-09-27 16:25:11,853:INFO:Importing untrained model
2022-09-27 16:25:11,880:INFO:Naive Bayes Imported succesfully
2022-09-27 16:25:11,929:INFO:Starting cross validation
2022-09-27 16:25:11,930:INFO:Cross validating with StratifiedKFold(n_splits=10, random_state=None, shuffle=False), n_jobs=-1
2022-09-27 16:25:12,110:INFO:Calculating mean and std
2022-09-27 16:25:12,112:INFO:Creating metrics dataframe
2022-09-27 16:25:12,127:INFO:Uploading results into container
2022-09-27 16:25:12,127:INFO:Uploading model into container now
2022-09-27 16:25:12,127:INFO:create_model_container: 3
2022-09-27 16:25:12,128:INFO:master_model_container: 3
2022-09-27 16:25:12,128:INFO:display_container: 2
2022-09-27 16:25:12,128:INFO:GaussianNB(priors=None, var_smoothing=1e-09)
2022-09-27 16:25:12,128:INFO:create_model() succesfully completed......................................
2022-09-27 16:25:12,255:INFO:SubProcess create_model() end ==================================
2022-09-27 16:25:12,256:INFO:Creating metrics dataframe
2022-09-27 16:25:12,298:INFO:Initializing Decision Tree Classifier
2022-09-27 16:25:12,298:INFO:Total runtime is 0.19755158821741742 minutes
2022-09-27 16:25:12,323:INFO:SubProcess create_model() called ==================================
2022-09-27 16:25:12,323:INFO:Initializing create_model()
2022-09-27 16:25:12,324:INFO:create_model(estimator=dt, fold=StratifiedKFold(n_splits=10, random_state=None, shuffle=False), round=4, cross_validation=True, predict=True, fit_kwargs={}, groups=None, refit=False, verbose=False, system=False, metrics=None, experiment_custom_tags=None, add_to_model_list=True, probability_threshold=None, display=<pycaret.internal.Display.Display object at 0x7fca580b15d0>, return_train_score=False, kwargs={})
2022-09-27 16:25:12,324:INFO:Checking exceptions
2022-09-27 16:25:12,324:INFO:Importing libraries
2022-09-27 16:25:12,324:INFO:Copying training dataset
2022-09-27 16:25:12,326:INFO:Defining folds
2022-09-27 16:25:12,327:INFO:Declaring metric variables
2022-09-27 16:25:12,357:INFO:Importing untrained model
2022-09-27 16:25:12,386:INFO:Decision Tree Classifier Imported succesfully
2022-09-27 16:25:12,443:INFO:Starting cross validation
2022-09-27 16:25:12,445:INFO:Cross validating with StratifiedKFold(n_splits=10, random_state=None, shuffle=False), n_jobs=-1
2022-09-27 16:25:12,617:INFO:Calculating mean and std
2022-09-27 16:25:12,620:INFO:Creating metrics dataframe
2022-09-27 16:25:12,632:INFO:Uploading results into container
2022-09-27 16:25:12,632:INFO:Uploading model into container now
2022-09-27 16:25:12,632:INFO:create_model_container: 4
2022-09-27 16:25:12,632:INFO:master_model_container: 4
2022-09-27 16:25:12,633:INFO:display_container: 2
2022-09-27 16:25:12,633:INFO:DecisionTreeClassifier(ccp_alpha=0.0, class_weight=None, criterion='gini',
                       max_depth=None, max_features=None, max_leaf_nodes=None,
                       min_impurity_decrease=0.0, min_impurity_split=None,
                       min_samples_leaf=1, min_samples_split=2,
                       min_weight_fraction_leaf=0.0, presort='deprecated',
                       random_state=123, splitter='best')
2022-09-27 16:25:12,633:INFO:create_model() succesfully completed......................................
2022-09-27 16:25:12,775:INFO:SubProcess create_model() end ==================================
2022-09-27 16:25:12,775:INFO:Creating metrics dataframe
2022-09-27 16:25:12,826:INFO:Initializing SVM - Linear Kernel
2022-09-27 16:25:12,827:INFO:Total runtime is 0.20636170705159507 minutes
2022-09-27 16:25:12,848:INFO:SubProcess create_model() called ==================================
2022-09-27 16:25:12,849:INFO:Initializing create_model()
2022-09-27 16:25:12,849:INFO:create_model(estimator=svm, fold=StratifiedKFold(n_splits=10, random_state=None, shuffle=False), round=4, cross_validation=True, predict=True, fit_kwargs={}, groups=None, refit=False, verbose=False, system=False, metrics=None, experiment_custom_tags=None, add_to_model_list=True, probability_threshold=None, display=<pycaret.internal.Display.Display object at 0x7fca580b15d0>, return_train_score=False, kwargs={})
2022-09-27 16:25:12,849:INFO:Checking exceptions
2022-09-27 16:25:12,850:INFO:Importing libraries
2022-09-27 16:25:12,850:INFO:Copying training dataset
2022-09-27 16:25:12,852:INFO:Defining folds
2022-09-27 16:25:12,852:INFO:Declaring metric variables
2022-09-27 16:25:12,877:INFO:Importing untrained model
2022-09-27 16:25:12,898:INFO:SVM - Linear Kernel Imported succesfully
2022-09-27 16:25:12,944:INFO:Starting cross validation
2022-09-27 16:25:12,947:INFO:Cross validating with StratifiedKFold(n_splits=10, random_state=None, shuffle=False), n_jobs=-1
2022-09-27 16:25:13,102:INFO:Calculating mean and std
2022-09-27 16:25:13,104:INFO:Creating metrics dataframe
2022-09-27 16:25:13,113:INFO:Uploading results into container
2022-09-27 16:25:13,113:INFO:Uploading model into container now
2022-09-27 16:25:13,113:INFO:create_model_container: 5
2022-09-27 16:25:13,113:INFO:master_model_container: 5
2022-09-27 16:25:13,113:INFO:display_container: 2
2022-09-27 16:25:13,114:INFO:SGDClassifier(alpha=0.0001, average=False, class_weight=None,
              early_stopping=False, epsilon=0.1, eta0=0.001, fit_intercept=True,
              l1_ratio=0.15, learning_rate='optimal', loss='hinge',
              max_iter=1000, n_iter_no_change=5, n_jobs=-1, penalty='l2',
              power_t=0.5, random_state=123, shuffle=True, tol=0.001,
              validation_fraction=0.1, verbose=0, warm_start=False)
2022-09-27 16:25:13,115:INFO:create_model() succesfully completed......................................
2022-09-27 16:25:13,241:INFO:SubProcess create_model() end ==================================
2022-09-27 16:25:13,241:INFO:Creating metrics dataframe
2022-09-27 16:25:13,286:INFO:Initializing Ridge Classifier
2022-09-27 16:25:13,286:INFO:Total runtime is 0.21401020685831706 minutes
2022-09-27 16:25:13,306:INFO:SubProcess create_model() called ==================================
2022-09-27 16:25:13,307:INFO:Initializing create_model()
2022-09-27 16:25:13,307:INFO:create_model(estimator=ridge, fold=StratifiedKFold(n_splits=10, random_state=None, shuffle=False), round=4, cross_validation=True, predict=True, fit_kwargs={}, groups=None, refit=False, verbose=False, system=False, metrics=None, experiment_custom_tags=None, add_to_model_list=True, probability_threshold=None, display=<pycaret.internal.Display.Display object at 0x7fca580b15d0>, return_train_score=False, kwargs={})
2022-09-27 16:25:13,308:INFO:Checking exceptions
2022-09-27 16:25:13,308:INFO:Importing libraries
2022-09-27 16:25:13,308:INFO:Copying training dataset
2022-09-27 16:25:13,310:INFO:Defining folds
2022-09-27 16:25:13,310:INFO:Declaring metric variables
2022-09-27 16:25:13,337:INFO:Importing untrained model
2022-09-27 16:25:13,356:INFO:Ridge Classifier Imported succesfully
2022-09-27 16:25:13,391:INFO:Starting cross validation
2022-09-27 16:25:13,392:INFO:Cross validating with StratifiedKFold(n_splits=10, random_state=None, shuffle=False), n_jobs=-1
2022-09-27 16:25:13,486:INFO:Calculating mean and std
2022-09-27 16:25:13,487:INFO:Creating metrics dataframe
2022-09-27 16:25:13,495:INFO:Uploading results into container
2022-09-27 16:25:13,496:INFO:Uploading model into container now
2022-09-27 16:25:13,496:INFO:create_model_container: 6
2022-09-27 16:25:13,496:INFO:master_model_container: 6
2022-09-27 16:25:13,496:INFO:display_container: 2
2022-09-27 16:25:13,496:INFO:RidgeClassifier(alpha=1.0, class_weight=None, copy_X=True, fit_intercept=True,
                max_iter=None, normalize=False, random_state=123, solver='auto',
                tol=0.001)
2022-09-27 16:25:13,496:INFO:create_model() succesfully completed......................................
2022-09-27 16:25:13,599:INFO:SubProcess create_model() end ==================================
2022-09-27 16:25:13,600:INFO:Creating metrics dataframe
2022-09-27 16:25:13,641:INFO:Initializing Random Forest Classifier
2022-09-27 16:25:13,641:INFO:Total runtime is 0.21992945671081543 minutes
2022-09-27 16:25:13,657:INFO:SubProcess create_model() called ==================================
2022-09-27 16:25:13,658:INFO:Initializing create_model()
2022-09-27 16:25:13,658:INFO:create_model(estimator=rf, fold=StratifiedKFold(n_splits=10, random_state=None, shuffle=False), round=4, cross_validation=True, predict=True, fit_kwargs={}, groups=None, refit=False, verbose=False, system=False, metrics=None, experiment_custom_tags=None, add_to_model_list=True, probability_threshold=None, display=<pycaret.internal.Display.Display object at 0x7fca580b15d0>, return_train_score=False, kwargs={})
2022-09-27 16:25:13,658:INFO:Checking exceptions
2022-09-27 16:25:13,658:INFO:Importing libraries
2022-09-27 16:25:13,659:INFO:Copying training dataset
2022-09-27 16:25:13,660:INFO:Defining folds
2022-09-27 16:25:13,660:INFO:Declaring metric variables
2022-09-27 16:25:13,678:INFO:Importing untrained model
2022-09-27 16:25:13,700:INFO:Random Forest Classifier Imported succesfully
2022-09-27 16:25:13,734:INFO:Starting cross validation
2022-09-27 16:25:13,735:INFO:Cross validating with StratifiedKFold(n_splits=10, random_state=None, shuffle=False), n_jobs=-1
2022-09-27 16:25:16,641:INFO:Calculating mean and std
2022-09-27 16:25:16,643:INFO:Creating metrics dataframe
2022-09-27 16:25:16,653:INFO:Uploading results into container
2022-09-27 16:25:16,654:INFO:Uploading model into container now
2022-09-27 16:25:16,654:INFO:create_model_container: 7
2022-09-27 16:25:16,654:INFO:master_model_container: 7
2022-09-27 16:25:16,654:INFO:display_container: 2
2022-09-27 16:25:16,655:INFO:RandomForestClassifier(bootstrap=True, ccp_alpha=0.0, class_weight=None,
                       criterion='gini', max_depth=None, max_features='auto',
                       max_leaf_nodes=None, max_samples=None,
                       min_impurity_decrease=0.0, min_impurity_split=None,
                       min_samples_leaf=1, min_samples_split=2,
                       min_weight_fraction_leaf=0.0, n_estimators=100,
                       n_jobs=-1, oob_score=False, random_state=123, verbose=0,
                       warm_start=False)
2022-09-27 16:25:16,655:INFO:create_model() succesfully completed......................................
2022-09-27 16:25:16,757:INFO:SubProcess create_model() end ==================================
2022-09-27 16:25:16,758:INFO:Creating metrics dataframe
2022-09-27 16:25:16,791:INFO:Initializing Quadratic Discriminant Analysis
2022-09-27 16:25:16,791:INFO:Total runtime is 0.27243599096934 minutes
2022-09-27 16:25:16,815:INFO:SubProcess create_model() called ==================================
2022-09-27 16:25:16,816:INFO:Initializing create_model()
2022-09-27 16:25:16,817:INFO:create_model(estimator=qda, fold=StratifiedKFold(n_splits=10, random_state=None, shuffle=False), round=4, cross_validation=True, predict=True, fit_kwargs={}, groups=None, refit=False, verbose=False, system=False, metrics=None, experiment_custom_tags=None, add_to_model_list=True, probability_threshold=None, display=<pycaret.internal.Display.Display object at 0x7fca580b15d0>, return_train_score=False, kwargs={})
2022-09-27 16:25:16,817:INFO:Checking exceptions
2022-09-27 16:25:16,817:INFO:Importing libraries
2022-09-27 16:25:16,817:INFO:Copying training dataset
2022-09-27 16:25:16,819:INFO:Defining folds
2022-09-27 16:25:16,819:INFO:Declaring metric variables
2022-09-27 16:25:16,841:INFO:Importing untrained model
2022-09-27 16:25:16,864:INFO:Quadratic Discriminant Analysis Imported succesfully
2022-09-27 16:25:16,909:INFO:Starting cross validation
2022-09-27 16:25:16,911:INFO:Cross validating with StratifiedKFold(n_splits=10, random_state=None, shuffle=False), n_jobs=-1
2022-09-27 16:25:17,113:INFO:Calculating mean and std
2022-09-27 16:25:17,116:INFO:Creating metrics dataframe
2022-09-27 16:25:17,135:INFO:Uploading results into container
2022-09-27 16:25:17,137:INFO:Uploading model into container now
2022-09-27 16:25:17,137:INFO:create_model_container: 8
2022-09-27 16:25:17,137:INFO:master_model_container: 8
2022-09-27 16:25:17,138:INFO:display_container: 2
2022-09-27 16:25:17,138:INFO:QuadraticDiscriminantAnalysis(priors=None, reg_param=0.0,
                              store_covariance=False, tol=0.0001)
2022-09-27 16:25:17,138:INFO:create_model() succesfully completed......................................
2022-09-27 16:25:17,252:INFO:SubProcess create_model() end ==================================
2022-09-27 16:25:17,252:INFO:Creating metrics dataframe
2022-09-27 16:25:17,285:INFO:Initializing Ada Boost Classifier
2022-09-27 16:25:17,285:INFO:Total runtime is 0.2806607683499654 minutes
2022-09-27 16:25:17,311:INFO:SubProcess create_model() called ==================================
2022-09-27 16:25:17,312:INFO:Initializing create_model()
2022-09-27 16:25:17,313:INFO:create_model(estimator=ada, fold=StratifiedKFold(n_splits=10, random_state=None, shuffle=False), round=4, cross_validation=True, predict=True, fit_kwargs={}, groups=None, refit=False, verbose=False, system=False, metrics=None, experiment_custom_tags=None, add_to_model_list=True, probability_threshold=None, display=<pycaret.internal.Display.Display object at 0x7fca580b15d0>, return_train_score=False, kwargs={})
2022-09-27 16:25:17,313:INFO:Checking exceptions
2022-09-27 16:25:17,313:INFO:Importing libraries
2022-09-27 16:25:17,313:INFO:Copying training dataset
2022-09-27 16:25:17,315:INFO:Defining folds
2022-09-27 16:25:17,315:INFO:Declaring metric variables
2022-09-27 16:25:17,339:INFO:Importing untrained model
2022-09-27 16:25:17,364:INFO:Ada Boost Classifier Imported succesfully
2022-09-27 16:25:17,413:INFO:Starting cross validation
2022-09-27 16:25:17,415:INFO:Cross validating with StratifiedKFold(n_splits=10, random_state=None, shuffle=False), n_jobs=-1
2022-09-27 16:25:18,008:INFO:Calculating mean and std
2022-09-27 16:25:18,011:INFO:Creating metrics dataframe
2022-09-27 16:25:18,025:INFO:Uploading results into container
2022-09-27 16:25:18,026:INFO:Uploading model into container now
2022-09-27 16:25:18,026:INFO:create_model_container: 9
2022-09-27 16:25:18,026:INFO:master_model_container: 9
2022-09-27 16:25:18,026:INFO:display_container: 2
2022-09-27 16:25:18,027:INFO:AdaBoostClassifier(algorithm='SAMME.R', base_estimator=None, learning_rate=1.0,
                   n_estimators=50, random_state=123)
2022-09-27 16:25:18,027:INFO:create_model() succesfully completed......................................
2022-09-27 16:25:18,152:INFO:SubProcess create_model() end ==================================
2022-09-27 16:25:18,153:INFO:Creating metrics dataframe
2022-09-27 16:25:18,198:INFO:Initializing Gradient Boosting Classifier
2022-09-27 16:25:18,198:INFO:Total runtime is 0.29588665962219235 minutes
2022-09-27 16:25:18,222:INFO:SubProcess create_model() called ==================================
2022-09-27 16:25:18,223:INFO:Initializing create_model()
2022-09-27 16:25:18,223:INFO:create_model(estimator=gbc, fold=StratifiedKFold(n_splits=10, random_state=None, shuffle=False), round=4, cross_validation=True, predict=True, fit_kwargs={}, groups=None, refit=False, verbose=False, system=False, metrics=None, experiment_custom_tags=None, add_to_model_list=True, probability_threshold=None, display=<pycaret.internal.Display.Display object at 0x7fca580b15d0>, return_train_score=False, kwargs={})
2022-09-27 16:25:18,223:INFO:Checking exceptions
2022-09-27 16:25:18,223:INFO:Importing libraries
2022-09-27 16:25:18,224:INFO:Copying training dataset
2022-09-27 16:25:18,225:INFO:Defining folds
2022-09-27 16:25:18,226:INFO:Declaring metric variables
2022-09-27 16:25:18,256:INFO:Importing untrained model
2022-09-27 16:25:18,279:INFO:Gradient Boosting Classifier Imported succesfully
2022-09-27 16:25:18,344:INFO:Starting cross validation
2022-09-27 16:25:18,346:INFO:Cross validating with StratifiedKFold(n_splits=10, random_state=None, shuffle=False), n_jobs=-1
2022-09-27 16:25:18,765:INFO:Calculating mean and std
2022-09-27 16:25:18,766:INFO:Creating metrics dataframe
2022-09-27 16:25:18,774:INFO:Uploading results into container
2022-09-27 16:25:18,774:INFO:Uploading model into container now
2022-09-27 16:25:18,775:INFO:create_model_container: 10
2022-09-27 16:25:18,775:INFO:master_model_container: 10
2022-09-27 16:25:18,775:INFO:display_container: 2
2022-09-27 16:25:18,776:INFO:GradientBoostingClassifier(ccp_alpha=0.0, criterion='friedman_mse', init=None,
                           learning_rate=0.1, loss='deviance', max_depth=3,
                           max_features=None, max_leaf_nodes=None,
                           min_impurity_decrease=0.0, min_impurity_split=None,
                           min_samples_leaf=1, min_samples_split=2,
                           min_weight_fraction_leaf=0.0, n_estimators=100,
                           n_iter_no_change=None, presort='deprecated',
                           random_state=123, subsample=1.0, tol=0.0001,
                           validation_fraction=0.1, verbose=0,
                           warm_start=False)
2022-09-27 16:25:18,776:INFO:create_model() succesfully completed......................................
2022-09-27 16:25:18,895:INFO:SubProcess create_model() end ==================================
2022-09-27 16:25:18,895:INFO:Creating metrics dataframe
2022-09-27 16:25:18,930:INFO:Initializing Linear Discriminant Analysis
2022-09-27 16:25:18,931:INFO:Total runtime is 0.3080904801686605 minutes
2022-09-27 16:25:18,949:INFO:SubProcess create_model() called ==================================
2022-09-27 16:25:18,951:INFO:Initializing create_model()
2022-09-27 16:25:18,951:INFO:create_model(estimator=lda, fold=StratifiedKFold(n_splits=10, random_state=None, shuffle=False), round=4, cross_validation=True, predict=True, fit_kwargs={}, groups=None, refit=False, verbose=False, system=False, metrics=None, experiment_custom_tags=None, add_to_model_list=True, probability_threshold=None, display=<pycaret.internal.Display.Display object at 0x7fca580b15d0>, return_train_score=False, kwargs={})
2022-09-27 16:25:18,951:INFO:Checking exceptions
2022-09-27 16:25:18,952:INFO:Importing libraries
2022-09-27 16:25:18,952:INFO:Copying training dataset
2022-09-27 16:25:18,954:INFO:Defining folds
2022-09-27 16:25:18,954:INFO:Declaring metric variables
2022-09-27 16:25:18,977:INFO:Importing untrained model
2022-09-27 16:25:18,999:INFO:Linear Discriminant Analysis Imported succesfully
2022-09-27 16:25:19,045:INFO:Starting cross validation
2022-09-27 16:25:19,046:INFO:Cross validating with StratifiedKFold(n_splits=10, random_state=None, shuffle=False), n_jobs=-1
2022-09-27 16:25:19,136:INFO:Calculating mean and std
2022-09-27 16:25:19,138:INFO:Creating metrics dataframe
2022-09-27 16:25:19,146:INFO:Uploading results into container
2022-09-27 16:25:19,146:INFO:Uploading model into container now
2022-09-27 16:25:19,146:INFO:create_model_container: 11
2022-09-27 16:25:19,147:INFO:master_model_container: 11
2022-09-27 16:25:19,147:INFO:display_container: 2
2022-09-27 16:25:19,147:INFO:LinearDiscriminantAnalysis(n_components=None, priors=None, shrinkage=None,
                           solver='svd', store_covariance=False, tol=0.0001)
2022-09-27 16:25:19,147:INFO:create_model() succesfully completed......................................
2022-09-27 16:25:19,251:INFO:SubProcess create_model() end ==================================
2022-09-27 16:25:19,251:INFO:Creating metrics dataframe
2022-09-27 16:25:19,291:INFO:Initializing Extra Trees Classifier
2022-09-27 16:25:19,291:INFO:Total runtime is 0.31410351196924846 minutes
2022-09-27 16:25:19,315:INFO:SubProcess create_model() called ==================================
2022-09-27 16:25:19,315:INFO:Initializing create_model()
2022-09-27 16:25:19,315:INFO:create_model(estimator=et, fold=StratifiedKFold(n_splits=10, random_state=None, shuffle=False), round=4, cross_validation=True, predict=True, fit_kwargs={}, groups=None, refit=False, verbose=False, system=False, metrics=None, experiment_custom_tags=None, add_to_model_list=True, probability_threshold=None, display=<pycaret.internal.Display.Display object at 0x7fca580b15d0>, return_train_score=False, kwargs={})
2022-09-27 16:25:19,316:INFO:Checking exceptions
2022-09-27 16:25:19,316:INFO:Importing libraries
2022-09-27 16:25:19,316:INFO:Copying training dataset
2022-09-27 16:25:19,317:INFO:Defining folds
2022-09-27 16:25:19,318:INFO:Declaring metric variables
2022-09-27 16:25:19,337:INFO:Importing untrained model
2022-09-27 16:25:19,363:INFO:Extra Trees Classifier Imported succesfully
2022-09-27 16:25:19,415:INFO:Starting cross validation
2022-09-27 16:25:19,417:INFO:Cross validating with StratifiedKFold(n_splits=10, random_state=None, shuffle=False), n_jobs=-1
2022-09-27 16:25:22,027:INFO:Calculating mean and std
2022-09-27 16:25:22,032:INFO:Creating metrics dataframe
2022-09-27 16:25:22,093:INFO:Uploading results into container
2022-09-27 16:25:22,094:INFO:Uploading model into container now
2022-09-27 16:25:22,094:INFO:create_model_container: 12
2022-09-27 16:25:22,094:INFO:master_model_container: 12
2022-09-27 16:25:22,094:INFO:display_container: 2
2022-09-27 16:25:22,095:INFO:ExtraTreesClassifier(bootstrap=False, ccp_alpha=0.0, class_weight=None,
                     criterion='gini', max_depth=None, max_features='auto',
                     max_leaf_nodes=None, max_samples=None,
                     min_impurity_decrease=0.0, min_impurity_split=None,
                     min_samples_leaf=1, min_samples_split=2,
                     min_weight_fraction_leaf=0.0, n_estimators=100, n_jobs=-1,
                     oob_score=False, random_state=123, verbose=0,
                     warm_start=False)
2022-09-27 16:25:22,095:INFO:create_model() succesfully completed......................................
2022-09-27 16:25:22,208:INFO:SubProcess create_model() end ==================================
2022-09-27 16:25:22,208:INFO:Creating metrics dataframe
2022-09-27 16:25:22,249:INFO:Initializing Light Gradient Boosting Machine
2022-09-27 16:25:22,249:INFO:Total runtime is 0.36339768171310427 minutes
2022-09-27 16:25:22,275:INFO:SubProcess create_model() called ==================================
2022-09-27 16:25:22,276:INFO:Initializing create_model()
2022-09-27 16:25:22,277:INFO:create_model(estimator=lightgbm, fold=StratifiedKFold(n_splits=10, random_state=None, shuffle=False), round=4, cross_validation=True, predict=True, fit_kwargs={}, groups=None, refit=False, verbose=False, system=False, metrics=None, experiment_custom_tags=None, add_to_model_list=True, probability_threshold=None, display=<pycaret.internal.Display.Display object at 0x7fca580b15d0>, return_train_score=False, kwargs={})
2022-09-27 16:25:22,277:INFO:Checking exceptions
2022-09-27 16:25:22,278:INFO:Importing libraries
2022-09-27 16:25:22,278:INFO:Copying training dataset
2022-09-27 16:25:22,280:INFO:Defining folds
2022-09-27 16:25:22,281:INFO:Declaring metric variables
2022-09-27 16:25:22,312:INFO:Importing untrained model
2022-09-27 16:25:22,335:INFO:Light Gradient Boosting Machine Imported succesfully
2022-09-27 16:25:22,384:INFO:Starting cross validation
2022-09-27 16:25:22,385:INFO:Cross validating with StratifiedKFold(n_splits=10, random_state=None, shuffle=False), n_jobs=-1
2022-09-27 16:25:22,672:INFO:Calculating mean and std
2022-09-27 16:25:22,674:INFO:Creating metrics dataframe
2022-09-27 16:25:22,687:INFO:Uploading results into container
2022-09-27 16:25:22,687:INFO:Uploading model into container now
2022-09-27 16:25:22,687:INFO:create_model_container: 13
2022-09-27 16:25:22,687:INFO:master_model_container: 13
2022-09-27 16:25:22,687:INFO:display_container: 2
2022-09-27 16:25:22,688:INFO:LGBMClassifier(boosting_type='gbdt', class_weight=None, colsample_bytree=1.0,
               importance_type='split', learning_rate=0.1, max_depth=-1,
               min_child_samples=20, min_child_weight=0.001, min_split_gain=0.0,
               n_estimators=100, n_jobs=-1, num_leaves=31, objective=None,
               random_state=123, reg_alpha=0.0, reg_lambda=0.0, silent='warn',
               subsample=1.0, subsample_for_bin=200000, subsample_freq=0)
2022-09-27 16:25:22,689:INFO:create_model() succesfully completed......................................
2022-09-27 16:25:22,806:INFO:SubProcess create_model() end ==================================
2022-09-27 16:25:22,806:INFO:Creating metrics dataframe
2022-09-27 16:25:22,846:INFO:Initializing Dummy Classifier
2022-09-27 16:25:22,847:INFO:Total runtime is 0.37336082458496095 minutes
2022-09-27 16:25:22,874:INFO:SubProcess create_model() called ==================================
2022-09-27 16:25:22,875:INFO:Initializing create_model()
2022-09-27 16:25:22,875:INFO:create_model(estimator=dummy, fold=StratifiedKFold(n_splits=10, random_state=None, shuffle=False), round=4, cross_validation=True, predict=True, fit_kwargs={}, groups=None, refit=False, verbose=False, system=False, metrics=None, experiment_custom_tags=None, add_to_model_list=True, probability_threshold=None, display=<pycaret.internal.Display.Display object at 0x7fca580b15d0>, return_train_score=False, kwargs={})
2022-09-27 16:25:22,875:INFO:Checking exceptions
2022-09-27 16:25:22,876:INFO:Importing libraries
2022-09-27 16:25:22,876:INFO:Copying training dataset
2022-09-27 16:25:22,878:INFO:Defining folds
2022-09-27 16:25:22,878:INFO:Declaring metric variables
2022-09-27 16:25:22,908:INFO:Importing untrained model
2022-09-27 16:25:22,935:INFO:Dummy Classifier Imported succesfully
2022-09-27 16:25:22,998:INFO:Starting cross validation
2022-09-27 16:25:23,000:INFO:Cross validating with StratifiedKFold(n_splits=10, random_state=None, shuffle=False), n_jobs=-1
2022-09-27 16:25:23,108:INFO:Calculating mean and std
2022-09-27 16:25:23,109:INFO:Creating metrics dataframe
2022-09-27 16:25:23,121:INFO:Uploading results into container
2022-09-27 16:25:23,121:INFO:Uploading model into container now
2022-09-27 16:25:23,121:INFO:create_model_container: 14
2022-09-27 16:25:23,122:INFO:master_model_container: 14
2022-09-27 16:25:23,122:INFO:display_container: 2
2022-09-27 16:25:23,122:INFO:DummyClassifier(constant=None, random_state=123, strategy='prior')
2022-09-27 16:25:23,122:INFO:create_model() succesfully completed......................................
2022-09-27 16:25:23,241:INFO:SubProcess create_model() end ==================================
2022-09-27 16:25:23,242:INFO:Creating metrics dataframe
2022-09-27 16:25:23,369:INFO:Initializing create_model()
2022-09-27 16:25:23,369:INFO:create_model(estimator=LogisticRegression(C=1.0, class_weight=None, dual=False, fit_intercept=True,
                   intercept_scaling=1, l1_ratio=None, max_iter=1000,
                   multi_class='auto', n_jobs=None, penalty='l2',
                   random_state=123, solver='lbfgs', tol=0.0001, verbose=0,
                   warm_start=False), fold=StratifiedKFold(n_splits=10, random_state=None, shuffle=False), round=4, cross_validation=False, predict=False, fit_kwargs={}, groups=None, refit=True, verbose=False, system=False, metrics=None, experiment_custom_tags=None, add_to_model_list=True, probability_threshold=None, display=None, return_train_score=False, kwargs={})
2022-09-27 16:25:23,369:INFO:Checking exceptions
2022-09-27 16:25:23,370:INFO:Importing libraries
2022-09-27 16:25:23,370:INFO:Copying training dataset
2022-09-27 16:25:23,371:INFO:Defining folds
2022-09-27 16:25:23,371:INFO:Declaring metric variables
2022-09-27 16:25:23,372:INFO:Importing untrained model
2022-09-27 16:25:23,372:INFO:Declaring custom model
2022-09-27 16:25:23,374:INFO:Logistic Regression Imported succesfully
2022-09-27 16:25:23,375:INFO:Cross validation set to False
2022-09-27 16:25:23,375:INFO:Fitting Model
2022-09-27 16:25:23,641:INFO:LogisticRegression(C=1.0, class_weight=None, dual=False, fit_intercept=True,
                   intercept_scaling=1, l1_ratio=None, max_iter=1000,
                   multi_class='auto', n_jobs=None, penalty='l2',
                   random_state=123, solver='lbfgs', tol=0.0001, verbose=0,
                   warm_start=False)
2022-09-27 16:25:23,642:INFO:create_models() succesfully completed......................................
2022-09-27 16:25:23,805:INFO:create_model_container: 14
2022-09-27 16:25:23,805:INFO:master_model_container: 14
2022-09-27 16:25:23,806:INFO:display_container: 2
2022-09-27 16:25:23,806:INFO:LogisticRegression(C=1.0, class_weight=None, dual=False, fit_intercept=True,
                   intercept_scaling=1, l1_ratio=None, max_iter=1000,
                   multi_class='auto', n_jobs=None, penalty='l2',
                   random_state=123, solver='lbfgs', tol=0.0001, verbose=0,
                   warm_start=False)
2022-09-27 16:25:23,807:INFO:compare_models() succesfully completed......................................
2022-09-27 16:26:30,291:INFO:Initializing create_model()
2022-09-27 16:26:30,291:INFO:create_model(estimator=lr, fold=None, round=4, cross_validation=True, predict=True, fit_kwargs=None, groups=None, refit=True, verbose=True, system=True, metrics=None, experiment_custom_tags=None, add_to_model_list=True, probability_threshold=None, display=None, return_train_score=False, kwargs={})
2022-09-27 16:26:30,291:INFO:Checking exceptions
2022-09-27 16:26:30,292:INFO:Preparing display monitor
2022-09-27 16:26:30,342:INFO:Importing libraries
2022-09-27 16:26:30,343:INFO:Copying training dataset
2022-09-27 16:26:30,346:INFO:Defining folds
2022-09-27 16:26:30,346:INFO:Declaring metric variables
2022-09-27 16:26:30,367:INFO:Importing untrained model
2022-09-27 16:26:30,389:INFO:Logistic Regression Imported succesfully
2022-09-27 16:26:30,442:INFO:Starting cross validation
2022-09-27 16:26:30,445:INFO:Cross validating with StratifiedKFold(n_splits=10, random_state=None, shuffle=False), n_jobs=-1
2022-09-27 16:26:31,302:INFO:Calculating mean and std
2022-09-27 16:26:31,304:INFO:Creating metrics dataframe
2022-09-27 16:26:31,331:INFO:Finalizing model
2022-09-27 16:26:31,689:INFO:Uploading results into container
2022-09-27 16:26:31,689:INFO:Uploading model into container now
2022-09-27 16:26:31,720:INFO:create_model_container: 15
2022-09-27 16:26:31,720:INFO:master_model_container: 15
2022-09-27 16:26:31,721:INFO:display_container: 3
2022-09-27 16:26:31,722:INFO:LogisticRegression(C=1.0, class_weight=None, dual=False, fit_intercept=True,
                   intercept_scaling=1, l1_ratio=None, max_iter=1000,
                   multi_class='auto', n_jobs=None, penalty='l2',
                   random_state=123, solver='lbfgs', tol=0.0001, verbose=0,
                   warm_start=False)
2022-09-27 16:26:31,722:INFO:create_model() succesfully completed......................................
2022-09-27 16:33:48,997:INFO:Initializing plot_model()
2022-09-27 16:33:48,997:INFO:plot_model(fold=None, use_train_data=False, verbose=True, is_in_evaluate=False, display=None, display_format=None, estimator=LogisticRegression(C=1.0, class_weight=None, dual=False, fit_intercept=True,
                   intercept_scaling=1, l1_ratio=None, max_iter=1000,
                   multi_class='auto', n_jobs=None, penalty='l2',
                   random_state=123, solver='lbfgs', tol=0.0001, verbose=0,
                   warm_start=False), feature_name=None, fit_kwargs=None, groups=None, label=False, plot=auc, plot_kwargs=None, save=False, scale=1, system=True)
2022-09-27 16:33:48,998:INFO:Checking exceptions
2022-09-27 16:33:49,003:INFO:Preparing display monitor
2022-09-27 16:33:49,024:INFO:Preloading libraries
2022-09-27 16:33:49,027:INFO:Copying training dataset
2022-09-27 16:33:49,029:INFO:Copying test dataset
2022-09-27 16:33:49,030:INFO:Plot type: auc
2022-09-27 16:33:49,033:INFO:Initializing get_config()
2022-09-27 16:33:49,033:INFO:get_config(variable=prep_pipe)
2022-09-27 16:33:49,045:INFO:Global variable: prep_pipe returned as Pipeline(memory=None,
         steps=[('dtypes',
                 DataTypes_Auto_infer(categorical_features=[],
                                      display_types=True, features_todrop=[],
                                      id_columns=[],
                                      ml_usecase='classification',
                                      numerical_features=[], target='output',
                                      time_features=[])),
                ('imputer',
                 Simple_Imputer(categorical_strategy='not_available',
                                fill_value_categorical=None,
                                fill_value_numerical=None,
                                numeric_strat...
                ('scaling', 'passthrough'), ('P_transform', 'passthrough'),
                ('binn', 'passthrough'), ('rem_outliers', 'passthrough'),
                ('cluster_all', 'passthrough'),
                ('dummy', Dummify(target='output')),
                ('fix_perfect', Remove_100(target='output')),
                ('clean_names', Clean_Colum_Names()),
                ('feature_select', 'passthrough'), ('fix_multi', 'passthrough'),
                ('dfs', 'passthrough'), ('pca', 'passthrough')],
         verbose=False)
2022-09-27 16:33:49,045:INFO:get_config() succesfully completed......................................
2022-09-27 16:33:49,078:INFO:Fitting Model
2022-09-27 16:33:49,082:INFO:Scoring test/hold-out set
2022-09-27 16:33:49,541:INFO:Visual Rendered Successfully
2022-09-27 16:33:49,819:INFO:plot_model() succesfully completed......................................
2022-09-27 16:35:10,425:INFO:Initializing evaluate_model()
2022-09-27 16:35:10,425:INFO:evaluate_model(estimator=LogisticRegression(C=1.0, class_weight=None, dual=False, fit_intercept=True,
                   intercept_scaling=1, l1_ratio=None, max_iter=1000,
                   multi_class='auto', n_jobs=None, penalty='l2',
                   random_state=123, solver='lbfgs', tol=0.0001, verbose=0,
                   warm_start=False), fold=None, fit_kwargs=None, plot_kwargs=None, feature_name=None, groups=None, use_train_data=False)
2022-09-27 16:35:10,473:INFO:Initializing plot_model()
2022-09-27 16:35:10,474:INFO:plot_model(fold=StratifiedKFold(n_splits=10, random_state=None, shuffle=False), use_train_data=False, verbose=True, is_in_evaluate=True, display=None, display_format=None, estimator=LogisticRegression(C=1.0, class_weight=None, dual=False, fit_intercept=True,
                   intercept_scaling=1, l1_ratio=None, max_iter=1000,
                   multi_class='auto', n_jobs=None, penalty='l2',
                   random_state=123, solver='lbfgs', tol=0.0001, verbose=0,
                   warm_start=False), feature_name=None, fit_kwargs={}, groups=None, label=False, plot=parameter, plot_kwargs={}, save=False, scale=1, system=True)
2022-09-27 16:35:10,474:INFO:Checking exceptions
2022-09-27 16:35:10,476:INFO:Preparing display monitor
2022-09-27 16:35:10,497:INFO:Preloading libraries
2022-09-27 16:35:10,499:INFO:Copying training dataset
2022-09-27 16:35:10,500:INFO:Copying test dataset
2022-09-27 16:35:10,501:INFO:Plot type: parameter
2022-09-27 16:35:10,518:INFO:Visual Rendered Successfully
2022-09-27 16:35:10,637:INFO:plot_model() succesfully completed......................................
2022-09-27 16:35:15,520:INFO:Initializing plot_model()
2022-09-27 16:35:15,522:INFO:plot_model(fold=StratifiedKFold(n_splits=10, random_state=None, shuffle=False), use_train_data=False, verbose=True, is_in_evaluate=True, display=None, display_format=None, estimator=LogisticRegression(C=1.0, class_weight=None, dual=False, fit_intercept=True,
                   intercept_scaling=1, l1_ratio=None, max_iter=1000,
                   multi_class='auto', n_jobs=None, penalty='l2',
                   random_state=123, solver='lbfgs', tol=0.0001, verbose=0,
                   warm_start=False), feature_name=None, fit_kwargs={}, groups=None, label=False, plot=dimension, plot_kwargs={}, save=False, scale=1, system=True)
2022-09-27 16:35:15,576:INFO:Checking exceptions
2022-09-27 16:35:15,578:INFO:Preparing display monitor
2022-09-27 16:35:15,596:INFO:Preloading libraries
2022-09-27 16:35:15,598:INFO:Copying training dataset
2022-09-27 16:35:15,599:INFO:Copying test dataset
2022-09-27 16:35:15,600:INFO:Plot type: dimension
2022-09-27 16:35:15,709:INFO:Fitting StandardScaler()
2022-09-27 16:35:15,713:INFO:Fitting PCA()
2022-09-27 16:35:15,722:INFO:Fitting & Transforming Model
2022-09-27 16:35:16,146:INFO:Visual Rendered Successfully
2022-09-27 16:35:16,260:INFO:plot_model() succesfully completed......................................
2022-09-27 16:35:19,098:INFO:Initializing plot_model()
2022-09-27 16:35:19,099:INFO:plot_model(fold=StratifiedKFold(n_splits=10, random_state=None, shuffle=False), use_train_data=False, verbose=True, is_in_evaluate=True, display=None, display_format=None, estimator=LogisticRegression(C=1.0, class_weight=None, dual=False, fit_intercept=True,
                   intercept_scaling=1, l1_ratio=None, max_iter=1000,
                   multi_class='auto', n_jobs=None, penalty='l2',
                   random_state=123, solver='lbfgs', tol=0.0001, verbose=0,
                   warm_start=False), feature_name=None, fit_kwargs={}, groups=None, label=False, plot=parameter, plot_kwargs={}, save=False, scale=1, system=True)
2022-09-27 16:35:19,099:INFO:Checking exceptions
2022-09-27 16:35:19,105:INFO:Preparing display monitor
2022-09-27 16:35:19,130:INFO:Preloading libraries
2022-09-27 16:35:19,132:INFO:Copying training dataset
2022-09-27 16:35:19,133:INFO:Copying test dataset
2022-09-27 16:35:19,134:INFO:Plot type: parameter
2022-09-27 16:35:19,149:INFO:Visual Rendered Successfully
2022-09-27 16:35:19,288:INFO:plot_model() succesfully completed......................................
2022-09-27 16:35:41,127:INFO:Initializing plot_model()
2022-09-27 16:35:41,127:INFO:plot_model(fold=StratifiedKFold(n_splits=10, random_state=None, shuffle=False), use_train_data=False, verbose=True, is_in_evaluate=True, display=None, display_format=None, estimator=LogisticRegression(C=1.0, class_weight=None, dual=False, fit_intercept=True,
                   intercept_scaling=1, l1_ratio=None, max_iter=1000,
                   multi_class='auto', n_jobs=None, penalty='l2',
                   random_state=123, solver='lbfgs', tol=0.0001, verbose=0,
                   warm_start=False), feature_name=None, fit_kwargs={}, groups=None, label=False, plot=confusion_matrix, plot_kwargs={}, save=False, scale=1, system=True)
2022-09-27 16:35:41,128:INFO:Checking exceptions
2022-09-27 16:35:41,129:INFO:Preparing display monitor
2022-09-27 16:35:41,149:INFO:Preloading libraries
2022-09-27 16:35:41,151:INFO:Copying training dataset
2022-09-27 16:35:41,151:INFO:Copying test dataset
2022-09-27 16:35:41,152:INFO:Plot type: confusion_matrix
2022-09-27 16:35:41,153:INFO:Initializing get_config()
2022-09-27 16:35:41,154:INFO:get_config(variable=prep_pipe)
2022-09-27 16:35:41,162:INFO:Global variable: prep_pipe returned as Pipeline(memory=None,
         steps=[('dtypes',
                 DataTypes_Auto_infer(categorical_features=[],
                                      display_types=True, features_todrop=[],
                                      id_columns=[],
                                      ml_usecase='classification',
                                      numerical_features=[], target='output',
                                      time_features=[])),
                ('imputer',
                 Simple_Imputer(categorical_strategy='not_available',
                                fill_value_categorical=None,
                                fill_value_numerical=None,
                                numeric_strat...
                ('scaling', 'passthrough'), ('P_transform', 'passthrough'),
                ('binn', 'passthrough'), ('rem_outliers', 'passthrough'),
                ('cluster_all', 'passthrough'),
                ('dummy', Dummify(target='output')),
                ('fix_perfect', Remove_100(target='output')),
                ('clean_names', Clean_Colum_Names()),
                ('feature_select', 'passthrough'), ('fix_multi', 'passthrough'),
                ('dfs', 'passthrough'), ('pca', 'passthrough')],
         verbose=False)
2022-09-27 16:35:41,162:INFO:get_config() succesfully completed......................................
2022-09-27 16:35:41,164:INFO:Fitting Model
2022-09-27 16:35:41,165:INFO:Scoring test/hold-out set
2022-09-27 16:35:41,391:INFO:Visual Rendered Successfully
2022-09-27 16:35:41,494:INFO:plot_model() succesfully completed......................................
2022-09-27 16:35:45,385:INFO:Initializing plot_model()
2022-09-27 16:35:45,385:INFO:plot_model(fold=StratifiedKFold(n_splits=10, random_state=None, shuffle=False), use_train_data=False, verbose=True, is_in_evaluate=True, display=None, display_format=None, estimator=LogisticRegression(C=1.0, class_weight=None, dual=False, fit_intercept=True,
                   intercept_scaling=1, l1_ratio=None, max_iter=1000,
                   multi_class='auto', n_jobs=None, penalty='l2',
                   random_state=123, solver='lbfgs', tol=0.0001, verbose=0,
                   warm_start=False), feature_name=None, fit_kwargs={}, groups=None, label=False, plot=error, plot_kwargs={}, save=False, scale=1, system=True)
2022-09-27 16:35:45,386:INFO:Checking exceptions
2022-09-27 16:35:45,387:INFO:Preparing display monitor
2022-09-27 16:35:45,405:INFO:Preloading libraries
2022-09-27 16:35:45,407:INFO:Copying training dataset
2022-09-27 16:35:45,408:INFO:Copying test dataset
2022-09-27 16:35:45,409:INFO:Plot type: error
2022-09-27 16:35:45,410:INFO:Initializing get_config()
2022-09-27 16:35:45,410:INFO:get_config(variable=prep_pipe)
2022-09-27 16:35:45,419:INFO:Global variable: prep_pipe returned as Pipeline(memory=None,
         steps=[('dtypes',
                 DataTypes_Auto_infer(categorical_features=[],
                                      display_types=True, features_todrop=[],
                                      id_columns=[],
                                      ml_usecase='classification',
                                      numerical_features=[], target='output',
                                      time_features=[])),
                ('imputer',
                 Simple_Imputer(categorical_strategy='not_available',
                                fill_value_categorical=None,
                                fill_value_numerical=None,
                                numeric_strat...
                ('scaling', 'passthrough'), ('P_transform', 'passthrough'),
                ('binn', 'passthrough'), ('rem_outliers', 'passthrough'),
                ('cluster_all', 'passthrough'),
                ('dummy', Dummify(target='output')),
                ('fix_perfect', Remove_100(target='output')),
                ('clean_names', Clean_Colum_Names()),
                ('feature_select', 'passthrough'), ('fix_multi', 'passthrough'),
                ('dfs', 'passthrough'), ('pca', 'passthrough')],
         verbose=False)
2022-09-27 16:35:45,419:INFO:get_config() succesfully completed......................................
2022-09-27 16:35:45,420:INFO:Fitting Model
2022-09-27 16:35:45,422:INFO:Scoring test/hold-out set
2022-09-27 16:35:45,700:INFO:Visual Rendered Successfully
2022-09-27 16:35:45,811:INFO:plot_model() succesfully completed......................................
2022-09-27 16:37:30,483:INFO:Initializing finalize_model()
2022-09-27 16:37:30,483:INFO:finalize_model(estimator=LogisticRegression(C=1.0, class_weight=None, dual=False, fit_intercept=True,
                   intercept_scaling=1, l1_ratio=None, max_iter=1000,
                   multi_class='auto', n_jobs=None, penalty='l2',
                   random_state=123, solver='lbfgs', tol=0.0001, verbose=0,
                   warm_start=False), fit_kwargs=None, groups=None, model_only=True, display=None, experiment_custom_tags=None, return_train_score=False)
2022-09-27 16:37:30,484:INFO:Finalizing LogisticRegression(C=1.0, class_weight=None, dual=False, fit_intercept=True,
                   intercept_scaling=1, l1_ratio=None, max_iter=1000,
                   multi_class='auto', n_jobs=None, penalty='l2',
                   random_state=123, solver='lbfgs', tol=0.0001, verbose=0,
                   warm_start=False)
2022-09-27 16:37:30,485:INFO:Initializing create_model()
2022-09-27 16:37:30,485:INFO:create_model(estimator=LogisticRegression(C=1.0, class_weight=None, dual=False, fit_intercept=True,
                   intercept_scaling=1, l1_ratio=None, max_iter=1000,
                   multi_class='auto', n_jobs=None, penalty='l2',
                   random_state=123, solver='lbfgs', tol=0.0001, verbose=0,
                   warm_start=False), fold=None, round=4, cross_validation=True, predict=True, fit_kwargs={}, groups=None, refit=True, verbose=False, system=False, metrics=None, experiment_custom_tags=None, add_to_model_list=False, probability_threshold=None, display=None, return_train_score=False, kwargs={})
2022-09-27 16:37:30,485:INFO:Checking exceptions
2022-09-27 16:37:30,485:INFO:Importing libraries
2022-09-27 16:37:30,486:INFO:Copying training dataset
2022-09-27 16:37:30,486:INFO:Defining folds
2022-09-27 16:37:30,486:INFO:Declaring metric variables
2022-09-27 16:37:30,487:INFO:Importing untrained model
2022-09-27 16:37:30,487:INFO:Declaring custom model
2022-09-27 16:37:30,488:INFO:Logistic Regression Imported succesfully
2022-09-27 16:37:30,488:INFO:Starting cross validation
2022-09-27 16:37:30,489:INFO:Cross validating with StratifiedKFold(n_splits=10, random_state=None, shuffle=False), n_jobs=-1
2022-09-27 16:37:39,416:INFO:Calculating mean and std
2022-09-27 16:37:39,418:INFO:Creating metrics dataframe
2022-09-27 16:37:39,425:INFO:Finalizing model
2022-09-27 16:37:39,714:INFO:create_model_container: 15
2022-09-27 16:37:39,714:INFO:master_model_container: 15
2022-09-27 16:37:39,714:INFO:display_container: 4
2022-09-27 16:37:39,714:INFO:LogisticRegression(C=1.0, class_weight=None, dual=False, fit_intercept=True,
                   intercept_scaling=1, l1_ratio=None, max_iter=1000,
                   multi_class='auto', n_jobs=None, penalty='l2',
                   random_state=123, solver='lbfgs', tol=0.0001, verbose=0,
                   warm_start=False)
2022-09-27 16:37:39,714:INFO:create_model() succesfully completed......................................
2022-09-27 16:37:39,855:INFO:create_model_container: 15
2022-09-27 16:37:39,855:INFO:master_model_container: 15
2022-09-27 16:37:39,855:INFO:display_container: 3
2022-09-27 16:37:39,856:INFO:LogisticRegression(C=1.0, class_weight=None, dual=False, fit_intercept=True,
                   intercept_scaling=1, l1_ratio=None, max_iter=1000,
                   multi_class='auto', n_jobs=None, penalty='l2',
                   random_state=123, solver='lbfgs', tol=0.0001, verbose=0,
                   warm_start=False)
2022-09-27 16:37:39,856:INFO:finalize_model() succesfully completed......................................
2022-09-27 16:38:10,709:INFO:Initializing predict_model()
2022-09-27 16:38:10,709:INFO:predict_model(estimator=LogisticRegression(C=1.0, class_weight=None, dual=False, fit_intercept=True,
                   intercept_scaling=1, l1_ratio=None, max_iter=1000,
                   multi_class='auto', n_jobs=None, penalty='l2',
                   random_state=123, solver='lbfgs', tol=0.0001, verbose=0,
                   warm_start=False), probability_threshold=None, encoded_labels=False, drift_report=False, raw_score=False, round=4, verbose=True, ml_usecase=MLUsecase.CLASSIFICATION, display=None, drift_kwargs=None)
2022-09-27 16:38:10,709:INFO:Checking exceptions
2022-09-27 16:38:10,709:INFO:Preloading libraries
2022-09-27 16:38:10,710:INFO:Preparing display monitor
2022-09-27 16:39:46,570:INFO:Initializing predict_model()
2022-09-27 16:39:46,570:INFO:predict_model(estimator=LogisticRegression(C=1.0, class_weight=None, dual=False, fit_intercept=True,
                   intercept_scaling=1, l1_ratio=None, max_iter=1000,
                   multi_class='auto', n_jobs=None, penalty='l2',
                   random_state=123, solver='lbfgs', tol=0.0001, verbose=0,
                   warm_start=False), probability_threshold=None, encoded_labels=False, drift_report=False, raw_score=False, round=4, verbose=True, ml_usecase=MLUsecase.CLASSIFICATION, display=None, drift_kwargs=None)
2022-09-27 16:39:46,570:INFO:Checking exceptions
2022-09-27 16:39:46,570:INFO:Preloading libraries
2022-09-27 16:39:46,571:INFO:Preparing display monitor
2022-09-27 16:41:38,147:INFO:Initializing save_model()
2022-09-27 16:41:38,147:INFO:save_model(model=LogisticRegression(C=1.0, class_weight=None, dual=False, fit_intercept=True,
                   intercept_scaling=1, l1_ratio=None, max_iter=1000,
                   multi_class='auto', n_jobs=None, penalty='l2',
                   random_state=123, solver='lbfgs', tol=0.0001, verbose=0,
                   warm_start=False), model_name=Final lr Model 27Sep2022, prep_pipe_=Pipeline(memory=None,
         steps=[('dtypes',
                 DataTypes_Auto_infer(categorical_features=[],
                                      display_types=True, features_todrop=[],
                                      id_columns=[],
                                      ml_usecase='classification',
                                      numerical_features=[], target='output',
                                      time_features=[])),
                ('imputer',
                 Simple_Imputer(categorical_strategy='not_available',
                                fill_value_categorical=None,
                                fill_value_numerical=None,
                                numeric_strat...
                ('scaling', 'passthrough'), ('P_transform', 'passthrough'),
                ('binn', 'passthrough'), ('rem_outliers', 'passthrough'),
                ('cluster_all', 'passthrough'),
                ('dummy', Dummify(target='output')),
                ('fix_perfect', Remove_100(target='output')),
                ('clean_names', Clean_Colum_Names()),
                ('feature_select', 'passthrough'), ('fix_multi', 'passthrough'),
                ('dfs', 'passthrough'), ('pca', 'passthrough')],
         verbose=False), verbose=True, kwargs={})
2022-09-27 16:41:38,147:INFO:Adding model into prep_pipe
2022-09-27 16:41:38,166:INFO:Final lr Model 27Sep2022.pkl saved in current working directory
2022-09-27 16:41:38,180:INFO:Pipeline(memory=None,
         steps=[('dtypes',
                 DataTypes_Auto_infer(categorical_features=[],
                                      display_types=True, features_todrop=[],
                                      id_columns=[],
                                      ml_usecase='classification',
                                      numerical_features=[], target='output',
                                      time_features=[])),
                ('imputer',
                 Simple_Imputer(categorical_strategy='not_available',
                                fill_value_categorical=None,
                                fill_value_numerical=None,
                                numeric_strat...
                ('feature_select', 'passthrough'), ('fix_multi', 'passthrough'),
                ('dfs', 'passthrough'), ('pca', 'passthrough'),
                ['trained_model',
                 LogisticRegression(C=1.0, class_weight=None, dual=False,
                                    fit_intercept=True, intercept_scaling=1,
                                    l1_ratio=None, max_iter=1000,
                                    multi_class='auto', n_jobs=None,
                                    penalty='l2', random_state=123,
                                    solver='lbfgs', tol=0.0001, verbose=0,
                                    warm_start=False)]],
         verbose=False)
2022-09-27 16:41:38,180:INFO:save_model() successfully completed......................................
2022-09-27 17:06:23,478:INFO:Initializing load_model()
2022-09-27 17:06:23,480:INFO:load_model(model_name=Final LR Model 27Sep2022, platform=None, authentication=None, verbose=True)
2022-09-27 17:06:50,319:INFO:Initializing load_model()
2022-09-27 17:06:50,320:INFO:load_model(model_name=Final lr Model 27Sep2022, platform=None, authentication=None, verbose=True)
2022-09-27 17:07:29,040:INFO:Initializing load_model()
2022-09-27 17:07:29,040:INFO:load_model(model_name=Final lr Model 27Sep2022, platform=None, authentication=None, verbose=True)
2022-09-27 17:07:34,070:INFO:Initializing predict_model()
2022-09-27 17:07:34,071:INFO:predict_model(estimator=Pipeline(memory=None,
         steps=[('dtypes',
                 DataTypes_Auto_infer(categorical_features=[],
                                      display_types=True, features_todrop=[],
                                      id_columns=[],
                                      ml_usecase='classification',
                                      numerical_features=[], target='output',
                                      time_features=[])),
                ('imputer',
                 Simple_Imputer(categorical_strategy='not_available',
                                fill_value_categorical=None,
                                fill_value_numerical=None,
                                numeric_strat...
                ('feature_select', 'passthrough'), ('fix_multi', 'passthrough'),
                ('dfs', 'passthrough'), ('pca', 'passthrough'),
                ['trained_model',
                 LogisticRegression(C=1.0, class_weight=None, dual=False,
                                    fit_intercept=True, intercept_scaling=1,
                                    l1_ratio=None, max_iter=1000,
                                    multi_class='auto', n_jobs=None,
                                    penalty='l2', random_state=123,
                                    solver='lbfgs', tol=0.0001, verbose=0,
                                    warm_start=False)]],
         verbose=False), probability_threshold=None, encoded_labels=False, drift_report=False, raw_score=False, round=4, verbose=True, ml_usecase=MLUsecase.CLASSIFICATION, display=None, drift_kwargs=None)
2022-09-27 17:07:34,126:INFO:Checking exceptions
2022-09-27 17:07:34,127:INFO:Preloading libraries
2022-09-27 17:07:34,128:INFO:Preparing display monitor
